TN:
SF:/Users/KimDH/github/josa/src/fillInJosa.js
FN:5,fillInJosa
FN:8,(anonymous_1)
FNF:2
FNH:2
FNDA:33,fillInJosa
FNDA:87,(anonymous_1)
DA:1,1
DA:5,33
DA:8,87
LF:3
LH:3
BRF:0
BRH:0
end_of_record
TN:
SF:/Users/KimDH/github/josa/src/josaPicker.js
FN:24,put
FN:34,get
FN:45,makeJosaPicker
FN:45,(anonymous_3)
FN:53,install
FN:66,(anonymous_5)
FNF:6
FNH:6
FNDA:10,put
FNDA:90,get
FNDA:16,makeJosaPicker
FNDA:90,(anonymous_3)
FNDA:10,install
FNDA:5,(anonymous_5)
DA:1,1
DA:20,1
DA:24,1
DA:25,10
DA:27,10
DA:28,9
DA:34,1
DA:35,90
DA:37,90
DA:38,2
DA:40,88
DA:45,90
DA:53,1
DA:54,10
DA:57,1
DA:58,1
DA:59,1
DA:60,1
DA:61,1
DA:62,1
DA:63,1
DA:64,1
DA:65,1
DA:66,5
LF:24
LH:24
BRDA:27,0,0,9
BRDA:27,0,1,1
BRDA:37,1,0,2
BRDA:37,1,1,88
BRDA:46,2,0,42
BRDA:46,2,1,48
BRDA:54,3,0,10
BRDA:54,3,1,9
BRDA:66,4,0,1
BRDA:66,4,1,4
BRF:10
BRH:10
end_of_record
TN:
SF:/Users/KimDH/github/josa/src/util.js
FN:8,makeJosaify
FN:8,(anonymous_1)
FNF:2
FNH:2
FNDA:1,makeJosaify
FNDA:2,(anonymous_1)
DA:1,1
DA:8,2
DA:12,1
LF:3
LH:3
BRF:0
BRH:0
end_of_record
